<?xml version="1.0" encoding="UTF-8"?>
<!-- Generated by org.testng.reporters.JUnitXMLReporter -->
<testsuite ignored="3" hostname="DESKTOP-T1OTQ1E" failures="0" tests="1" name="Default test" time="4.397" errors="0" timestamp="2022-09-12T09:03:02 IST">
  <testcase classname="com.qa.database.automation.DB_Test" name="updateData" time="1.749"/>
  <testcase classname="com.qa.database.automation.DB_Test" name="getTableData" time="0.0">
    <ignored/>
  </testcase> <!-- getTableData -->
  <testcase classname="com.qa.database.automation.DB_Test" name="insertData" time="0.0">
    <ignored/>
  </testcase> <!-- insertData -->
  <testcase classname="com.qa.database.automation.DB_Test" name="deleteData" time="0.0">
    <ignored/>
  </testcase> <!-- deleteData -->
</testsuite> <!-- Default test -->
