<?xml version="1.0" encoding="UTF-8"?>
<testng-results ignored="3" total="4" passed="1" failed="0" skipped="0">
  <reporter-output>
  </reporter-output>
  <suite started-at="2022-09-12T09:02:57 IST" name="Default suite" finished-at="2022-09-12T09:03:02 IST" duration-ms="4397">
    <groups>
    </groups>
    <test started-at="2022-09-12T09:02:57 IST" name="Default test" finished-at="2022-09-12T09:03:02 IST" duration-ms="4397">
      <class name="com.qa.database.automation.DB_Test">
        <test-method is-config="true" signature="setUp()[pri:0, instance:com.qa.database.automation.DB_Test@cad498c]" started-at="2022-09-12T09:02:57 IST" name="setUp" finished-at="2022-09-12T09:02:59 IST" duration-ms="1984" status="PASS">
          <reporter-output>
          </reporter-output>
        </test-method> <!-- setUp -->
        <test-method signature="updateData()[pri:0, instance:com.qa.database.automation.DB_Test@cad498c]" started-at="2022-09-12T09:02:59 IST" name="updateData" finished-at="2022-09-12T09:03:01 IST" duration-ms="1749" status="PASS">
          <reporter-output>
          </reporter-output>
        </test-method> <!-- updateData -->
        <test-method is-config="true" signature="tearDown()[pri:0, instance:com.qa.database.automation.DB_Test@cad498c]" started-at="2022-09-12T09:03:01 IST" name="tearDown" finished-at="2022-09-12T09:03:02 IST" duration-ms="472" status="PASS">
          <reporter-output>
          </reporter-output>
        </test-method> <!-- tearDown -->
      </class> <!-- com.qa.database.automation.DB_Test -->
    </test> <!-- Default test -->
  </suite> <!-- Default suite -->
</testng-results>
